{"version":8,"type":"context-options","origin":"library","browserName":"chromium","options":{"noDefaultViewport":false,"viewport":{"width":393,"height":727},"ignoreHTTPSErrors":false,"javaScriptEnabled":true,"bypassCSP":false,"userAgent":"Mozilla/5.0 (Linux; Android 11; Pixel 5) AppleWebKit/537.36 (KHTML, like Gecko) Chrome/141.0.7390.37 Mobile Safari/537.36","locale":"en-US","offline":false,"deviceScaleFactor":2.75,"isMobile":true,"hasTouch":true,"colorScheme":"light","acceptDownloads":"accept","baseURL":"http://localhost:3000","recordVideo":{"dir":"C:\\Users\\Usuario\\Desktop\\Web Puranatura\\Pureza-Naturalis-V3\\test-results\\.playwright-artifacts-0","size":{"width":392,"height":726}},"serviceWorkers":"allow","selectorEngines":[],"testIdAttributeName":"data-testid"},"platform":"win32","wallTime":1763248458000,"monotonicTime":3004.803,"sdkLanguage":"javascript","testIdAttributeName":"data-testid","contextId":"browser-context@2571498781dbafd615860c84407ca475","title":"checkout.spec.ts:52 › Checkout Flow › should complete full checkout process"}
{"type":"before","callId":"call@6","startTime":3010.226,"class":"BrowserContext","method":"newPage","params":{},"stepId":"pw:api@34","beforeSnapshot":"before@call@6"}
{"type":"event","time":3082.231,"class":"BrowserContext","method":"page","params":{"pageId":"page@abc3b568003d1375084d5fc9bf5eaa46"}}
{"type":"after","callId":"call@6","endTime":3082.328,"result":{"page":"<Page>"},"afterSnapshot":"after@call@6"}
{"type":"before","callId":"call@8","startTime":3086.578,"class":"Page","method":"addInitScript","params":{"source":"(() => {\n      (function () {\n        const disableOverlays = () => {\n          try {\n            const vw = window.innerWidth || 0;\n            const vh = window.innerHeight || 0;\n            const els = Array.from(document.querySelectorAll('body *'));\n            els.forEach(el => {\n              try {\n                const s = window.getComputedStyle(el);\n                // disable transitions/animations\n                el.style.transition = 'none';\n                el.style.animation = 'none';\n                const pos = s.position;\n                const z = parseInt(s.zIndex) || 0;\n                const rect = el.getBoundingClientRect();\n                // Heuristic: large fixed/absolute elements covering most of viewport\n                if ((pos === 'fixed' || pos === 'absolute') && rect.width >= vw * 0.8 && rect.height >= vh * 0.25 && z > 0) {\n                  el.style.pointerEvents = 'none';\n                  // hide if it looks like an overlay\n                  el.style.visibility = 'hidden';\n                }\n              } catch (e) {\n                // ignore\n              }\n            });\n          } catch (e) {\n            // ignore\n          }\n        };\n\n        // run immediately and on DOM mutations\n        disableOverlays();\n        new MutationObserver(disableOverlays).observe(document.documentElement, {\n          childList: true,\n          subtree: true\n        });\n      })();\n    })(undefined)"},"stepId":"pw:api@36","pageId":"page@abc3b568003d1375084d5fc9bf5eaa46","beforeSnapshot":"before@call@8"}
{"type":"after","callId":"call@8","endTime":3087.735,"afterSnapshot":"after@call@8"}
{"type":"before","callId":"call@10","startTime":3091.347,"class":"Frame","method":"waitForFunction","params":{"expression":"() => document.fonts && document.fonts.status === 'loaded'","isFunction":true,"arg":{"value":{"o":[{"k":"timeout","v":{"n":120000}}],"id":1},"handles":[]},"timeout":0},"stepId":"pw:api@37","pageId":"page@abc3b568003d1375084d5fc9bf5eaa46","beforeSnapshot":"before@call@10"}
{"type":"frame-snapshot","snapshot":{"callId":"call@10","snapshotName":"before@call@10","pageId":"page@abc3b568003d1375084d5fc9bf5eaa46","frameId":"frame@19bf0cc2d29564fe8f995404fbc1e0bf","frameUrl":"about:blank","html":["HTML",{},["HEAD",{},["BASE",{"href":"about:blank"}]],["BODY"]],"viewport":{"width":980,"height":1813},"timestamp":3096.625,"wallTime":1763248458092,"collectionTime":0.9000000059604645,"resourceOverrides":[],"isMainFrame":true}}
{"type":"screencast-frame","pageId":"page@abc3b568003d1375084d5fc9bf5eaa46","sha1":"page@abc3b568003d1375084d5fc9bf5eaa46-1763248458109.jpeg","width":393,"height":727,"timestamp":3113.778,"frameSwapWallTime":1763248458106.257}
{"type":"after","callId":"call@10","endTime":3120.231,"result":{"handle":"<JSHandle>"},"afterSnapshot":"after@call@10"}
{"type":"frame-snapshot","snapshot":{"callId":"call@10","snapshotName":"after@call@10","pageId":"page@abc3b568003d1375084d5fc9bf5eaa46","frameId":"frame@19bf0cc2d29564fe8f995404fbc1e0bf","frameUrl":"about:blank","html":[[1,3]],"viewport":{"width":980,"height":1813},"timestamp":3121.445,"wallTime":1763248458117,"collectionTime":0.29999998211860657,"resourceOverrides":[],"isMainFrame":true}}
{"type":"before","callId":"call@12","startTime":3123.856,"title":"Route requests","class":"Page","method":"setNetworkInterceptionPatterns","params":{"patterns":[{"glob":"**/api/v1/orders"}]},"stepId":"pw:api@38","pageId":"page@abc3b568003d1375084d5fc9bf5eaa46","beforeSnapshot":"before@call@12"}
{"type":"after","callId":"call@12","endTime":3125.059,"afterSnapshot":"after@call@12"}
{"type":"before","callId":"call@14","startTime":3128.965,"class":"APIRequestContext","method":"fetch","params":{"url":"http://localhost:3001/api/v1/products?limit=1","method":"GET","timeout":0},"stepId":"pw:api@39","beforeSnapshot":"before@call@14"}
{"type":"log","callId":"call@14","time":3140.36,"message":"→ GET http://localhost:3001/api/v1/products?limit=1"}
{"type":"log","callId":"call@14","time":3140.402,"message":"  user-agent: Mozilla/5.0 (Linux; Android 11; Pixel 5) AppleWebKit/537.36 (KHTML, like Gecko) Chrome/141.0.7390.37 Mobile Safari/537.36"}
{"type":"log","callId":"call@14","time":3140.409,"message":"  accept: */*"}
{"type":"log","callId":"call@14","time":3140.414,"message":"  accept-encoding: gzip,deflate,br"}
{"type":"log","callId":"call@14","time":3461.868,"message":"← 200 OK"}
{"type":"log","callId":"call@14","time":3461.911,"message":"  content-security-policy: default-src 'self';script-src 'self' 'unsafe-inline' 'unsafe-eval' https://www.googletagmanager.com https://www.google-analytics.com;script-src-attr 'none';style-src 'self' 'unsafe-inline' https://fonts.googleapis.com;font-src 'self' https://fonts.gstatic.com data:;img-src 'self' data: blob: https://cdn.purezanaturalis.com https://www.google-analytics.com;media-src 'self';object-src 'none';frame-src 'self';frame-ancestors 'none';base-uri 'self';form-action 'self';connect-src 'self' https://api.purezanaturalis.com https://www.google-analytics.com http://localhost:3000 http://localhost:5173 ws://localhost:5173;manifest-src 'self';worker-src 'self' blob:;report-uri https://api.purezanaturalis.com/api/csp-report"}
{"type":"log","callId":"call@14","time":3461.926,"message":"  cross-origin-opener-policy: same-origin"}
{"type":"log","callId":"call@14","time":3461.933,"message":"  cross-origin-resource-policy: same-origin"}
{"type":"log","callId":"call@14","time":3461.939,"message":"  origin-agent-cluster: ?1"}
{"type":"log","callId":"call@14","time":3461.96,"message":"  referrer-policy: strict-origin-when-cross-origin"}
{"type":"log","callId":"call@14","time":3461.969,"message":"  strict-transport-security: max-age=31536000; includeSubDomains"}
{"type":"log","callId":"call@14","time":3461.973,"message":"  x-content-type-options: nosniff"}
{"type":"log","callId":"call@14","time":3461.977,"message":"  x-dns-prefetch-control: off"}
{"type":"log","callId":"call@14","time":3461.98,"message":"  x-download-options: noopen"}
{"type":"log","callId":"call@14","time":3461.983,"message":"  x-frame-options: DENY"}
{"type":"log","callId":"call@14","time":3461.986,"message":"  x-permitted-cross-domain-policies: none"}
{"type":"log","callId":"call@14","time":3461.989,"message":"  x-xss-protection: 0"}
{"type":"log","callId":"call@14","time":3461.992,"message":"  vary: Origin, accept-encoding"}
{"type":"log","callId":"call@14","time":3461.995,"message":"  access-control-allow-credentials: true"}
{"type":"log","callId":"call@14","time":3461.999,"message":"  access-control-expose-headers: X-CSRF-Token"}
{"type":"log","callId":"call@14","time":3462.002,"message":"  x-request-id: evzw3aufgf1uezpqq9hfr17a"}
{"type":"log","callId":"call@14","time":3462.005,"message":"  x-ratelimit-limit: 100"}
{"type":"log","callId":"call@14","time":3462.008,"message":"  x-ratelimit-remaining: 99"}
{"type":"log","callId":"call@14","time":3462.011,"message":"  x-ratelimit-reset: 60"}
{"type":"log","callId":"call@14","time":3462.014,"message":"  content-type: application/json; charset=utf-8"}
{"type":"log","callId":"call@14","time":3462.017,"message":"  permissions-policy: accelerometer=(), autoplay=(), camera=(), cross-origin-isolated=(), display-capture=(), encrypted-media=(), fullscreen=(self), geolocation=(), gyroscope=(), keyboard-map=(), magnetometer=(), microphone=(), midi=(), payment=(self), picture-in-picture=(), publickey-credentials-get=(), screen-wake-lock=(), sync-xhr=(), usb=(), web-share=(), xr-spatial-tracking=()"}
{"type":"log","callId":"call@14","time":3462.02,"message":"  deprecation: La API v1 está en camino de ser retirada; migra a /api/v2"}
{"type":"log","callId":"call@14","time":3462.024,"message":"  sunset: Mon, 01 Jun 2026 00:00:00 GMT"}
{"type":"log","callId":"call@14","time":3462.027,"message":"  link: <https://github.com/pureza-naturalis/pureza-naturalis-v3/blob/main/docs/MIGRATION_v1_to_v2.md>; rel=\"deprecation\"; title=\"Guía de migración v1\""}
{"type":"log","callId":"call@14","time":3462.03,"message":"  content-encoding: br"}
{"type":"log","callId":"call@14","time":3462.036,"message":"  date: Sat, 15 Nov 2025 23:14:18 GMT"}
{"type":"log","callId":"call@14","time":3462.04,"message":"  connection: keep-alive"}
{"type":"log","callId":"call@14","time":3462.054,"message":"  keep-alive: timeout=72"}
{"type":"log","callId":"call@14","time":3462.058,"message":"  transfer-encoding: chunked"}
{"type":"after","callId":"call@14","endTime":3463.775,"result":{"response":{"url":"http://localhost:3001/api/v1/products?limit=1","status":200,"statusText":"OK","headers":[{"name":"Content-Security-Policy","value":"default-src 'self';script-src 'self' 'unsafe-inline' 'unsafe-eval' https://www.googletagmanager.com https://www.google-analytics.com;script-src-attr 'none';style-src 'self' 'unsafe-inline' https://fonts.googleapis.com;font-src 'self' https://fonts.gstatic.com data:;img-src 'self' data: blob: https://cdn.purezanaturalis.com https://www.google-analytics.com;media-src 'self';object-src 'none';frame-src 'self';frame-ancestors 'none';base-uri 'self';form-action 'self';connect-src 'self' https://api.purezanaturalis.com https://www.google-analytics.com http://localhost:3000 http://localhost:5173 ws://localhost:5173;manifest-src 'self';worker-src 'self' blob:;report-uri https://api.purezanaturalis.com/api/csp-report"},{"name":"Cross-Origin-Opener-Policy","value":"same-origin"},{"name":"Cross-Origin-Resource-Policy","value":"same-origin"},{"name":"Origin-Agent-Cluster","value":"?1"},{"name":"Referrer-Policy","value":"strict-origin-when-cross-origin"},{"name":"Strict-Transport-Security","value":"max-age=31536000; includeSubDomains"},{"name":"X-Content-Type-Options","value":"nosniff"},{"name":"X-DNS-Prefetch-Control","value":"off"},{"name":"X-Download-Options","value":"noopen"},{"name":"X-Frame-Options","value":"DENY"},{"name":"x-permitted-cross-domain-policies","value":"none"},{"name":"X-XSS-Protection","value":"0"},{"name":"vary","value":"Origin, accept-encoding"},{"name":"access-control-allow-credentials","value":"true"},{"name":"access-control-expose-headers","value":"X-CSRF-Token"},{"name":"x-request-id","value":"evzw3aufgf1uezpqq9hfr17a"},{"name":"x-ratelimit-limit","value":"100"},{"name":"x-ratelimit-remaining","value":"99"},{"name":"x-ratelimit-reset","value":"60"},{"name":"content-type","value":"application/json; charset=utf-8"},{"name":"permissions-policy","value":"accelerometer=(), autoplay=(), camera=(), cross-origin-isolated=(), display-capture=(), encrypted-media=(), fullscreen=(self), geolocation=(), gyroscope=(), keyboard-map=(), magnetometer=(), microphone=(), midi=(), payment=(self), picture-in-picture=(), publickey-credentials-get=(), screen-wake-lock=(), sync-xhr=(), usb=(), web-share=(), xr-spatial-tracking=()"},{"name":"deprecation","value":"La API v1 está en camino de ser retirada; migra a /api/v2"},{"name":"sunset","value":"Mon, 01 Jun 2026 00:00:00 GMT"},{"name":"link","value":"<https://github.com/pureza-naturalis/pureza-naturalis-v3/blob/main/docs/MIGRATION_v1_to_v2.md>; rel=\"deprecation\"; title=\"Guía de migración v1\""},{"name":"content-encoding","value":"br"},{"name":"Date","value":"Sat, 15 Nov 2025 23:14:18 GMT"},{"name":"Connection","value":"keep-alive"},{"name":"Keep-Alive","value":"timeout=72"},{"name":"Transfer-Encoding","value":"chunked"}],"fetchUid":"179e0f3db2940472a3c333b3d02541c1"}},"afterSnapshot":"after@call@14"}
{"type":"screencast-frame","pageId":"page@abc3b568003d1375084d5fc9bf5eaa46","sha1":"page@abc3b568003d1375084d5fc9bf5eaa46-1763248458566.jpeg","width":393,"height":727,"timestamp":3570.547,"frameSwapWallTime":1763248458563.219}
